The target system is: Linux - 1 - arm
The host system is: Linux - 3.2.0-26-generic-pae - i686
Compiling the C compiler identification source file "CMakeCCompilerId.c" succeeded.
Compiler: /usr/bin/arm-linux-gnueabi-gcc 
Build flags: 
Id flags: 

The output was:
0


Compilation of the C compiler identification source "CMakeCCompilerId.c" produced "a.out"

The C compiler identification is GNU, found in "/home/martin/devel/muroa/muroa/libdsaudio/build/CMakeFiles/CompilerIdC/a.out"

Compiling the CXX compiler identification source file "CMakeCXXCompilerId.cpp" succeeded.
Compiler: /usr/bin/arm-linux-gnueabi-g++ 
Build flags: 
Id flags: 

The output was:
0


Compilation of the CXX compiler identification source "CMakeCXXCompilerId.cpp" produced "a.out"

The CXX compiler identification is GNU, found in "/home/martin/devel/muroa/muroa/libdsaudio/build/CMakeFiles/CompilerIdCXX/a.out"

Determining if the C compiler works passed with the following output:
Change Dir: /home/martin/devel/muroa/muroa/libdsaudio/build/CMakeFiles/CMakeTmp

Run Build Command:/usr/bin/make "cmTryCompileExec/fast"
/usr/bin/make -f CMakeFiles/cmTryCompileExec.dir/build.make CMakeFiles/cmTryCompileExec.dir/build
make[1]: Betrete Verzeichnis '/home/martin/devel/muroa/muroa/libdsaudio/build/CMakeFiles/CMakeTmp'
/usr/bin/cmake -E cmake_progress_report /home/martin/devel/muroa/muroa/libdsaudio/build/CMakeFiles/CMakeTmp/CMakeFiles 1
Building C object CMakeFiles/cmTryCompileExec.dir/testCCompiler.c.o
/usr/bin/arm-linux-gnueabi-gcc    -o CMakeFiles/cmTryCompileExec.dir/testCCompiler.c.o   -c /home/martin/devel/muroa/muroa/libdsaudio/build/CMakeFiles/CMakeTmp/testCCompiler.c
Linking C executable cmTryCompileExec
/usr/bin/cmake -E cmake_link_script CMakeFiles/cmTryCompileExec.dir/link.txt --verbose=1
/usr/bin/arm-linux-gnueabi-gcc         CMakeFiles/cmTryCompileExec.dir/testCCompiler.c.o  -o cmTryCompileExec -rdynamic 
make[1]: Verlasse Verzeichnis '/home/martin/devel/muroa/muroa/libdsaudio/build/CMakeFiles/CMakeTmp'


Detecting C compiler ABI info compiled with the following output:
Change Dir: /home/martin/devel/muroa/muroa/libdsaudio/build/CMakeFiles/CMakeTmp

Run Build Command:/usr/bin/make "cmTryCompileExec/fast"
/usr/bin/make -f CMakeFiles/cmTryCompileExec.dir/build.make CMakeFiles/cmTryCompileExec.dir/build
make[1]: Betrete Verzeichnis '/home/martin/devel/muroa/muroa/libdsaudio/build/CMakeFiles/CMakeTmp'
/usr/bin/cmake -E cmake_progress_report /home/martin/devel/muroa/muroa/libdsaudio/build/CMakeFiles/CMakeTmp/CMakeFiles 1
Building C object CMakeFiles/cmTryCompileExec.dir/CMakeCCompilerABI.c.o
/usr/bin/arm-linux-gnueabi-gcc    -o CMakeFiles/cmTryCompileExec.dir/CMakeCCompilerABI.c.o   -c /usr/share/cmake-2.8/Modules/CMakeCCompilerABI.c
Linking C executable cmTryCompileExec
/usr/bin/cmake -E cmake_link_script CMakeFiles/cmTryCompileExec.dir/link.txt --verbose=1
/usr/bin/arm-linux-gnueabi-gcc       -v CMakeFiles/cmTryCompileExec.dir/CMakeCCompilerABI.c.o  -o cmTryCompileExec -rdynamic  
Es werden eingebaute Spezifikationen verwendet.
COLLECT_GCC=/usr/bin/arm-linux-gnueabi-gcc
COLLECT_LTO_WRAPPER=/usr/lib/gcc/arm-linux-gnueabi/4.6/lto-wrapper
Ziel: arm-linux-gnueabi
Konfiguriert mit: ../src/configure -v --with-pkgversion='Ubuntu/Linaro 4.6.3-1ubuntu5' --with-bugurl=file:///usr/share/doc/gcc-4.6/README.Bugs --enable-languages=c,c++,fortran,objc,obj-c++ --prefix=/usr --program-suffix=-4.6 --enable-shared --enable-linker-build-id --with-system-zlib --libexecdir=/usr/lib --without-included-gettext --enable-threads=posix --with-gxx-include-dir=/usr/arm-linux-gnueabi/include/c++/4.6.3 --libdir=/usr/lib --enable-nls --enable-clocale=gnu --enable-libstdcxx-debug --enable-libstdcxx-time=yes --enable-gnu-unique-object --enable-plugin --enable-objc-gc --enable-multilib --disable-sjlj-exceptions --with-arch=armv7-a --with-float=softfp --with-fpu=vfpv3-d16 --with-mode=thumb --disable-werror --enable-checking=release --build=i686-linux-gnu --host=i686-linux-gnu --target=arm-linux-gnueabi --program-prefix=arm-linux-gnueabi- --includedir=/usr/arm-linux-gnueabi/include --with-headers=/usr/arm-linux-gnueabi/include --with-libs=/usr/arm-linux-gnueabi/lib
Thread-Modell: posix
gcc-Version 4.6.3 (Ubuntu/Linaro 4.6.3-1ubuntu5) 
COMPILER_PATH=/usr/lib/gcc/arm-linux-gnueabi/4.6/:/usr/lib/gcc/arm-linux-gnueabi/4.6/:/usr/lib/gcc/arm-linux-gnueabi/:/usr/lib/gcc/arm-linux-gnueabi/4.6/:/usr/lib/gcc/arm-linux-gnueabi/:/usr/lib/gcc/arm-linux-gnueabi/4.6/../../../../arm-linux-gnueabi/bin/
LIBRARY_PATH=/usr/lib/gcc/arm-linux-gnueabi/4.6/:/usr/lib/gcc/arm-linux-gnueabi/4.6/../../../../arm-linux-gnueabi/lib/../lib/:/usr/lib/gcc/arm-linux-gnueabi/4.6/../../../../arm-linux-gnueabi/lib/
COLLECT_GCC_OPTIONS='-v' '-o' 'cmTryCompileExec' '-rdynamic' '-march=armv7-a' '-mfloat-abi=softfp' '-mfpu=vfpv3-d16' '-mthumb'
 /usr/lib/gcc/arm-linux-gnueabi/4.6/collect2 --build-id --no-add-needed --as-needed --eh-frame-hdr -export-dynamic -dynamic-linker /lib/ld-linux.so.3 -X --hash-style=gnu -m armelf_linux_eabi -z relro -o cmTryCompileExec /usr/lib/gcc/arm-linux-gnueabi/4.6/../../../../arm-linux-gnueabi/lib/../lib/crt1.o /usr/lib/gcc/arm-linux-gnueabi/4.6/../../../../arm-linux-gnueabi/lib/../lib/crti.o /usr/lib/gcc/arm-linux-gnueabi/4.6/crtbegin.o -L/usr/lib/gcc/arm-linux-gnueabi/4.6 -L/usr/lib/gcc/arm-linux-gnueabi/4.6/../../../../arm-linux-gnueabi/lib/../lib -L/usr/lib/gcc/arm-linux-gnueabi/4.6/../../../../arm-linux-gnueabi/lib -L/lib/arm-linux-gnueabi -L/usr/lib/arm-linux-gnueabi -L/usr/lib -L/lib CMakeFiles/cmTryCompileExec.dir/CMakeCCompilerABI.c.o -lgcc --as-needed -lgcc_s --no-as-needed -lc -lgcc --as-needed -lgcc_s --no-as-needed /usr/lib/gcc/arm-linux-gnueabi/4.6/crtend.o /usr/lib/gcc/arm-linux-gnueabi/4.6/../../../../arm-linux-gnueabi/lib/../lib/crtn.o
make[1]: Verlasse Verzeichnis '/home/martin/devel/muroa/muroa/libdsaudio/build/CMakeFiles/CMakeTmp'


Parsed C implicit link information from above output:
  link line regex: [^( *|.*[/\])(arm-linux-gnueabi-ld|ld|collect2)[^/\]*( |$)]
  ignore line: [Change Dir: /home/martin/devel/muroa/muroa/libdsaudio/build/CMakeFiles/CMakeTmp]
  ignore line: []
  ignore line: [Run Build Command:/usr/bin/make "cmTryCompileExec/fast"]
  ignore line: [/usr/bin/make -f CMakeFiles/cmTryCompileExec.dir/build.make CMakeFiles/cmTryCompileExec.dir/build]
  ignore line: [make[1]: Betrete Verzeichnis '/home/martin/devel/muroa/muroa/libdsaudio/build/CMakeFiles/CMakeTmp']
  ignore line: [/usr/bin/cmake -E cmake_progress_report /home/martin/devel/muroa/muroa/libdsaudio/build/CMakeFiles/CMakeTmp/CMakeFiles 1]
  ignore line: [Building C object CMakeFiles/cmTryCompileExec.dir/CMakeCCompilerABI.c.o]
  ignore line: [/usr/bin/arm-linux-gnueabi-gcc    -o CMakeFiles/cmTryCompileExec.dir/CMakeCCompilerABI.c.o   -c /usr/share/cmake-2.8/Modules/CMakeCCompilerABI.c]
  ignore line: [Linking C executable cmTryCompileExec]
  ignore line: [/usr/bin/cmake -E cmake_link_script CMakeFiles/cmTryCompileExec.dir/link.txt --verbose=1]
  ignore line: [/usr/bin/arm-linux-gnueabi-gcc       -v CMakeFiles/cmTryCompileExec.dir/CMakeCCompilerABI.c.o  -o cmTryCompileExec -rdynamic  ]
  ignore line: [Es werden eingebaute Spezifikationen verwendet.]
  ignore line: [COLLECT_GCC=/usr/bin/arm-linux-gnueabi-gcc]
  ignore line: [COLLECT_LTO_WRAPPER=/usr/lib/gcc/arm-linux-gnueabi/4.6/lto-wrapper]
  ignore line: [Ziel: arm-linux-gnueabi]
  ignore line: [Konfiguriert mit: ../src/configure -v --with-pkgversion='Ubuntu/Linaro 4.6.3-1ubuntu5' --with-bugurl=file:///usr/share/doc/gcc-4.6/README.Bugs --enable-languages=c,c++,fortran,objc,obj-c++ --prefix=/usr --program-suffix=-4.6 --enable-shared --enable-linker-build-id --with-system-zlib --libexecdir=/usr/lib --without-included-gettext --enable-threads=posix --with-gxx-include-dir=/usr/arm-linux-gnueabi/include/c++/4.6.3 --libdir=/usr/lib --enable-nls --enable-clocale=gnu --enable-libstdcxx-debug --enable-libstdcxx-time=yes --enable-gnu-unique-object --enable-plugin --enable-objc-gc --enable-multilib --disable-sjlj-exceptions --with-arch=armv7-a --with-float=softfp --with-fpu=vfpv3-d16 --with-mode=thumb --disable-werror --enable-checking=release --build=i686-linux-gnu --host=i686-linux-gnu --target=arm-linux-gnueabi --program-prefix=arm-linux-gnueabi- --includedir=/usr/arm-linux-gnueabi/include --with-headers=/usr/arm-linux-gnueabi/include --with-libs=/usr/arm-linux-gnueabi/lib]
  ignore line: [Thread-Modell: posix]
  ignore line: [gcc-Version 4.6.3 (Ubuntu/Linaro 4.6.3-1ubuntu5) ]
  ignore line: [COMPILER_PATH=/usr/lib/gcc/arm-linux-gnueabi/4.6/:/usr/lib/gcc/arm-linux-gnueabi/4.6/:/usr/lib/gcc/arm-linux-gnueabi/:/usr/lib/gcc/arm-linux-gnueabi/4.6/:/usr/lib/gcc/arm-linux-gnueabi/:/usr/lib/gcc/arm-linux-gnueabi/4.6/../../../../arm-linux-gnueabi/bin/]
  ignore line: [LIBRARY_PATH=/usr/lib/gcc/arm-linux-gnueabi/4.6/:/usr/lib/gcc/arm-linux-gnueabi/4.6/../../../../arm-linux-gnueabi/lib/../lib/:/usr/lib/gcc/arm-linux-gnueabi/4.6/../../../../arm-linux-gnueabi/lib/]
  ignore line: [COLLECT_GCC_OPTIONS='-v' '-o' 'cmTryCompileExec' '-rdynamic' '-march=armv7-a' '-mfloat-abi=softfp' '-mfpu=vfpv3-d16' '-mthumb']
  link line: [ /usr/lib/gcc/arm-linux-gnueabi/4.6/collect2 --build-id --no-add-needed --as-needed --eh-frame-hdr -export-dynamic -dynamic-linker /lib/ld-linux.so.3 -X --hash-style=gnu -m armelf_linux_eabi -z relro -o cmTryCompileExec /usr/lib/gcc/arm-linux-gnueabi/4.6/../../../../arm-linux-gnueabi/lib/../lib/crt1.o /usr/lib/gcc/arm-linux-gnueabi/4.6/../../../../arm-linux-gnueabi/lib/../lib/crti.o /usr/lib/gcc/arm-linux-gnueabi/4.6/crtbegin.o -L/usr/lib/gcc/arm-linux-gnueabi/4.6 -L/usr/lib/gcc/arm-linux-gnueabi/4.6/../../../../arm-linux-gnueabi/lib/../lib -L/usr/lib/gcc/arm-linux-gnueabi/4.6/../../../../arm-linux-gnueabi/lib -L/lib/arm-linux-gnueabi -L/usr/lib/arm-linux-gnueabi -L/usr/lib -L/lib CMakeFiles/cmTryCompileExec.dir/CMakeCCompilerABI.c.o -lgcc --as-needed -lgcc_s --no-as-needed -lc -lgcc --as-needed -lgcc_s --no-as-needed /usr/lib/gcc/arm-linux-gnueabi/4.6/crtend.o /usr/lib/gcc/arm-linux-gnueabi/4.6/../../../../arm-linux-gnueabi/lib/../lib/crtn.o]
    arg [/usr/lib/gcc/arm-linux-gnueabi/4.6/collect2] ==> ignore
    arg [--build-id] ==> ignore
    arg [--no-add-needed] ==> ignore
    arg [--as-needed] ==> ignore
    arg [--eh-frame-hdr] ==> ignore
    arg [-export-dynamic] ==> ignore
    arg [-dynamic-linker] ==> ignore
    arg [/lib/ld-linux.so.3] ==> ignore
    arg [-X] ==> ignore
    arg [--hash-style=gnu] ==> ignore
    arg [-m] ==> ignore
    arg [armelf_linux_eabi] ==> ignore
    arg [-zrelro] ==> ignore
    arg [-o] ==> ignore
    arg [cmTryCompileExec] ==> ignore
    arg [/usr/lib/gcc/arm-linux-gnueabi/4.6/../../../../arm-linux-gnueabi/lib/../lib/crt1.o] ==> ignore
    arg [/usr/lib/gcc/arm-linux-gnueabi/4.6/../../../../arm-linux-gnueabi/lib/../lib/crti.o] ==> ignore
    arg [/usr/lib/gcc/arm-linux-gnueabi/4.6/crtbegin.o] ==> ignore
    arg [-L/usr/lib/gcc/arm-linux-gnueabi/4.6] ==> dir [/usr/lib/gcc/arm-linux-gnueabi/4.6]
    arg [-L/usr/lib/gcc/arm-linux-gnueabi/4.6/../../../../arm-linux-gnueabi/lib/../lib] ==> dir [/usr/lib/gcc/arm-linux-gnueabi/4.6/../../../../arm-linux-gnueabi/lib/../lib]
    arg [-L/usr/lib/gcc/arm-linux-gnueabi/4.6/../../../../arm-linux-gnueabi/lib] ==> dir [/usr/lib/gcc/arm-linux-gnueabi/4.6/../../../../arm-linux-gnueabi/lib]
    arg [-L/lib/arm-linux-gnueabi] ==> dir [/lib/arm-linux-gnueabi]
    arg [-L/usr/lib/arm-linux-gnueabi] ==> dir [/usr/lib/arm-linux-gnueabi]
    arg [-L/usr/lib] ==> dir [/usr/lib]
    arg [-L/lib] ==> dir [/lib]
    arg [CMakeFiles/cmTryCompileExec.dir/CMakeCCompilerABI.c.o] ==> ignore
    arg [-lgcc] ==> lib [gcc]
    arg [--as-needed] ==> ignore
    arg [-lgcc_s] ==> lib [gcc_s]
    arg [--no-as-needed] ==> ignore
    arg [-lc] ==> lib [c]
    arg [-lgcc] ==> lib [gcc]
    arg [--as-needed] ==> ignore
    arg [-lgcc_s] ==> lib [gcc_s]
    arg [--no-as-needed] ==> ignore
    arg [/usr/lib/gcc/arm-linux-gnueabi/4.6/crtend.o] ==> ignore
    arg [/usr/lib/gcc/arm-linux-gnueabi/4.6/../../../../arm-linux-gnueabi/lib/../lib/crtn.o] ==> ignore
  remove lib [gcc]
  remove lib [gcc_s]
  remove lib [gcc]
  remove lib [gcc_s]
  collapse dir [/usr/lib/gcc/arm-linux-gnueabi/4.6] ==> [/usr/lib/gcc/arm-linux-gnueabi/4.6]
  collapse dir [/usr/lib/gcc/arm-linux-gnueabi/4.6/../../../../arm-linux-gnueabi/lib/../lib] ==> [/usr/arm-linux-gnueabi/lib]
  collapse dir [/usr/lib/gcc/arm-linux-gnueabi/4.6/../../../../arm-linux-gnueabi/lib] ==> [/usr/arm-linux-gnueabi/lib]
  collapse dir [/lib/arm-linux-gnueabi] ==> [/lib/arm-linux-gnueabi]
  collapse dir [/usr/lib/arm-linux-gnueabi] ==> [/usr/lib/arm-linux-gnueabi]
  collapse dir [/usr/lib] ==> [/usr/lib]
  collapse dir [/lib] ==> [/lib]
  implicit libs: [c]
  implicit dirs: [/usr/lib/gcc/arm-linux-gnueabi/4.6;/usr/arm-linux-gnueabi/lib;/lib/arm-linux-gnueabi;/usr/lib/arm-linux-gnueabi;/usr/lib;/lib]


Determining if the CXX compiler works passed with the following output:
Change Dir: /home/martin/devel/muroa/muroa/libdsaudio/build/CMakeFiles/CMakeTmp

Run Build Command:/usr/bin/make "cmTryCompileExec/fast"
/usr/bin/make -f CMakeFiles/cmTryCompileExec.dir/build.make CMakeFiles/cmTryCompileExec.dir/build
make[1]: Betrete Verzeichnis '/home/martin/devel/muroa/muroa/libdsaudio/build/CMakeFiles/CMakeTmp'
/usr/bin/cmake -E cmake_progress_report /home/martin/devel/muroa/muroa/libdsaudio/build/CMakeFiles/CMakeTmp/CMakeFiles 1
Building CXX object CMakeFiles/cmTryCompileExec.dir/testCXXCompiler.cxx.o
/usr/bin/arm-linux-gnueabi-g++     -o CMakeFiles/cmTryCompileExec.dir/testCXXCompiler.cxx.o -c /home/martin/devel/muroa/muroa/libdsaudio/build/CMakeFiles/CMakeTmp/testCXXCompiler.cxx
Linking CXX executable cmTryCompileExec
/usr/bin/cmake -E cmake_link_script CMakeFiles/cmTryCompileExec.dir/link.txt --verbose=1
/usr/bin/arm-linux-gnueabi-g++          CMakeFiles/cmTryCompileExec.dir/testCXXCompiler.cxx.o  -o cmTryCompileExec -rdynamic 
make[1]: Verlasse Verzeichnis '/home/martin/devel/muroa/muroa/libdsaudio/build/CMakeFiles/CMakeTmp'


Detecting CXX compiler ABI info compiled with the following output:
Change Dir: /home/martin/devel/muroa/muroa/libdsaudio/build/CMakeFiles/CMakeTmp

Run Build Command:/usr/bin/make "cmTryCompileExec/fast"
/usr/bin/make -f CMakeFiles/cmTryCompileExec.dir/build.make CMakeFiles/cmTryCompileExec.dir/build
make[1]: Betrete Verzeichnis '/home/martin/devel/muroa/muroa/libdsaudio/build/CMakeFiles/CMakeTmp'
/usr/bin/cmake -E cmake_progress_report /home/martin/devel/muroa/muroa/libdsaudio/build/CMakeFiles/CMakeTmp/CMakeFiles 1
Building CXX object CMakeFiles/cmTryCompileExec.dir/CMakeCXXCompilerABI.cpp.o
/usr/bin/arm-linux-gnueabi-g++     -o CMakeFiles/cmTryCompileExec.dir/CMakeCXXCompilerABI.cpp.o -c /usr/share/cmake-2.8/Modules/CMakeCXXCompilerABI.cpp
Linking CXX executable cmTryCompileExec
/usr/bin/cmake -E cmake_link_script CMakeFiles/cmTryCompileExec.dir/link.txt --verbose=1
/usr/bin/arm-linux-gnueabi-g++        -v CMakeFiles/cmTryCompileExec.dir/CMakeCXXCompilerABI.cpp.o  -o cmTryCompileExec -rdynamic  
Es werden eingebaute Spezifikationen verwendet.
COLLECT_GCC=/usr/bin/arm-linux-gnueabi-g++
COLLECT_LTO_WRAPPER=/usr/lib/gcc/arm-linux-gnueabi/4.6/lto-wrapper
Ziel: arm-linux-gnueabi
Konfiguriert mit: ../src/configure -v --with-pkgversion='Ubuntu/Linaro 4.6.3-1ubuntu5' --with-bugurl=file:///usr/share/doc/gcc-4.6/README.Bugs --enable-languages=c,c++,fortran,objc,obj-c++ --prefix=/usr --program-suffix=-4.6 --enable-shared --enable-linker-build-id --with-system-zlib --libexecdir=/usr/lib --without-included-gettext --enable-threads=posix --with-gxx-include-dir=/usr/arm-linux-gnueabi/include/c++/4.6.3 --libdir=/usr/lib --enable-nls --enable-clocale=gnu --enable-libstdcxx-debug --enable-libstdcxx-time=yes --enable-gnu-unique-object --enable-plugin --enable-objc-gc --enable-multilib --disable-sjlj-exceptions --with-arch=armv7-a --with-float=softfp --with-fpu=vfpv3-d16 --with-mode=thumb --disable-werror --enable-checking=release --build=i686-linux-gnu --host=i686-linux-gnu --target=arm-linux-gnueabi --program-prefix=arm-linux-gnueabi- --includedir=/usr/arm-linux-gnueabi/include --with-headers=/usr/arm-linux-gnueabi/include --with-libs=/usr/arm-linux-gnueabi/lib
Thread-Modell: posix
gcc-Version 4.6.3 (Ubuntu/Linaro 4.6.3-1ubuntu5) 
COMPILER_PATH=/usr/lib/gcc/arm-linux-gnueabi/4.6/:/usr/lib/gcc/arm-linux-gnueabi/4.6/:/usr/lib/gcc/arm-linux-gnueabi/:/usr/lib/gcc/arm-linux-gnueabi/4.6/:/usr/lib/gcc/arm-linux-gnueabi/:/usr/lib/gcc/arm-linux-gnueabi/4.6/../../../../arm-linux-gnueabi/bin/
LIBRARY_PATH=/usr/lib/gcc/arm-linux-gnueabi/4.6/:/usr/lib/gcc/arm-linux-gnueabi/4.6/../../../../arm-linux-gnueabi/lib/../lib/:/usr/lib/gcc/arm-linux-gnueabi/4.6/../../../../arm-linux-gnueabi/lib/
COLLECT_GCC_OPTIONS='-v' '-o' 'cmTryCompileExec' '-rdynamic' '-shared-libgcc' '-march=armv7-a' '-mfloat-abi=softfp' '-mfpu=vfpv3-d16' '-mthumb'
 /usr/lib/gcc/arm-linux-gnueabi/4.6/collect2 --build-id --no-add-needed --as-needed --eh-frame-hdr -export-dynamic -dynamic-linker /lib/ld-linux.so.3 -X --hash-style=gnu -m armelf_linux_eabi -z relro -o cmTryCompileExec /usr/lib/gcc/arm-linux-gnueabi/4.6/../../../../arm-linux-gnueabi/lib/../lib/crt1.o /usr/lib/gcc/arm-linux-gnueabi/4.6/../../../../arm-linux-gnueabi/lib/../lib/crti.o /usr/lib/gcc/arm-linux-gnueabi/4.6/crtbegin.o -L/usr/lib/gcc/arm-linux-gnueabi/4.6 -L/usr/lib/gcc/arm-linux-gnueabi/4.6/../../../../arm-linux-gnueabi/lib/../lib -L/usr/lib/gcc/arm-linux-gnueabi/4.6/../../../../arm-linux-gnueabi/lib -L/lib/arm-linux-gnueabi -L/usr/lib/arm-linux-gnueabi -L/usr/lib -L/lib CMakeFiles/cmTryCompileExec.dir/CMakeCXXCompilerABI.cpp.o -lstdc++ -lm -lgcc_s -lgcc -lc -lgcc_s -lgcc /usr/lib/gcc/arm-linux-gnueabi/4.6/crtend.o /usr/lib/gcc/arm-linux-gnueabi/4.6/../../../../arm-linux-gnueabi/lib/../lib/crtn.o
make[1]: Verlasse Verzeichnis '/home/martin/devel/muroa/muroa/libdsaudio/build/CMakeFiles/CMakeTmp'


Parsed CXX implicit link information from above output:
  link line regex: [^( *|.*[/\])(arm-linux-gnueabi-ld|ld|collect2)[^/\]*( |$)]
  ignore line: [Change Dir: /home/martin/devel/muroa/muroa/libdsaudio/build/CMakeFiles/CMakeTmp]
  ignore line: []
  ignore line: [Run Build Command:/usr/bin/make "cmTryCompileExec/fast"]
  ignore line: [/usr/bin/make -f CMakeFiles/cmTryCompileExec.dir/build.make CMakeFiles/cmTryCompileExec.dir/build]
  ignore line: [make[1]: Betrete Verzeichnis '/home/martin/devel/muroa/muroa/libdsaudio/build/CMakeFiles/CMakeTmp']
  ignore line: [/usr/bin/cmake -E cmake_progress_report /home/martin/devel/muroa/muroa/libdsaudio/build/CMakeFiles/CMakeTmp/CMakeFiles 1]
  ignore line: [Building CXX object CMakeFiles/cmTryCompileExec.dir/CMakeCXXCompilerABI.cpp.o]
  ignore line: [/usr/bin/arm-linux-gnueabi-g++     -o CMakeFiles/cmTryCompileExec.dir/CMakeCXXCompilerABI.cpp.o -c /usr/share/cmake-2.8/Modules/CMakeCXXCompilerABI.cpp]
  ignore line: [Linking CXX executable cmTryCompileExec]
  ignore line: [/usr/bin/cmake -E cmake_link_script CMakeFiles/cmTryCompileExec.dir/link.txt --verbose=1]
  ignore line: [/usr/bin/arm-linux-gnueabi-g++        -v CMakeFiles/cmTryCompileExec.dir/CMakeCXXCompilerABI.cpp.o  -o cmTryCompileExec -rdynamic  ]
  ignore line: [Es werden eingebaute Spezifikationen verwendet.]
  ignore line: [COLLECT_GCC=/usr/bin/arm-linux-gnueabi-g++]
  ignore line: [COLLECT_LTO_WRAPPER=/usr/lib/gcc/arm-linux-gnueabi/4.6/lto-wrapper]
  ignore line: [Ziel: arm-linux-gnueabi]
  ignore line: [Konfiguriert mit: ../src/configure -v --with-pkgversion='Ubuntu/Linaro 4.6.3-1ubuntu5' --with-bugurl=file:///usr/share/doc/gcc-4.6/README.Bugs --enable-languages=c,c++,fortran,objc,obj-c++ --prefix=/usr --program-suffix=-4.6 --enable-shared --enable-linker-build-id --with-system-zlib --libexecdir=/usr/lib --without-included-gettext --enable-threads=posix --with-gxx-include-dir=/usr/arm-linux-gnueabi/include/c++/4.6.3 --libdir=/usr/lib --enable-nls --enable-clocale=gnu --enable-libstdcxx-debug --enable-libstdcxx-time=yes --enable-gnu-unique-object --enable-plugin --enable-objc-gc --enable-multilib --disable-sjlj-exceptions --with-arch=armv7-a --with-float=softfp --with-fpu=vfpv3-d16 --with-mode=thumb --disable-werror --enable-checking=release --build=i686-linux-gnu --host=i686-linux-gnu --target=arm-linux-gnueabi --program-prefix=arm-linux-gnueabi- --includedir=/usr/arm-linux-gnueabi/include --with-headers=/usr/arm-linux-gnueabi/include --with-libs=/usr/arm-linux-gnueabi/lib]
  ignore line: [Thread-Modell: posix]
  ignore line: [gcc-Version 4.6.3 (Ubuntu/Linaro 4.6.3-1ubuntu5) ]
  ignore line: [COMPILER_PATH=/usr/lib/gcc/arm-linux-gnueabi/4.6/:/usr/lib/gcc/arm-linux-gnueabi/4.6/:/usr/lib/gcc/arm-linux-gnueabi/:/usr/lib/gcc/arm-linux-gnueabi/4.6/:/usr/lib/gcc/arm-linux-gnueabi/:/usr/lib/gcc/arm-linux-gnueabi/4.6/../../../../arm-linux-gnueabi/bin/]
  ignore line: [LIBRARY_PATH=/usr/lib/gcc/arm-linux-gnueabi/4.6/:/usr/lib/gcc/arm-linux-gnueabi/4.6/../../../../arm-linux-gnueabi/lib/../lib/:/usr/lib/gcc/arm-linux-gnueabi/4.6/../../../../arm-linux-gnueabi/lib/]
  ignore line: [COLLECT_GCC_OPTIONS='-v' '-o' 'cmTryCompileExec' '-rdynamic' '-shared-libgcc' '-march=armv7-a' '-mfloat-abi=softfp' '-mfpu=vfpv3-d16' '-mthumb']
  link line: [ /usr/lib/gcc/arm-linux-gnueabi/4.6/collect2 --build-id --no-add-needed --as-needed --eh-frame-hdr -export-dynamic -dynamic-linker /lib/ld-linux.so.3 -X --hash-style=gnu -m armelf_linux_eabi -z relro -o cmTryCompileExec /usr/lib/gcc/arm-linux-gnueabi/4.6/../../../../arm-linux-gnueabi/lib/../lib/crt1.o /usr/lib/gcc/arm-linux-gnueabi/4.6/../../../../arm-linux-gnueabi/lib/../lib/crti.o /usr/lib/gcc/arm-linux-gnueabi/4.6/crtbegin.o -L/usr/lib/gcc/arm-linux-gnueabi/4.6 -L/usr/lib/gcc/arm-linux-gnueabi/4.6/../../../../arm-linux-gnueabi/lib/../lib -L/usr/lib/gcc/arm-linux-gnueabi/4.6/../../../../arm-linux-gnueabi/lib -L/lib/arm-linux-gnueabi -L/usr/lib/arm-linux-gnueabi -L/usr/lib -L/lib CMakeFiles/cmTryCompileExec.dir/CMakeCXXCompilerABI.cpp.o -lstdc++ -lm -lgcc_s -lgcc -lc -lgcc_s -lgcc /usr/lib/gcc/arm-linux-gnueabi/4.6/crtend.o /usr/lib/gcc/arm-linux-gnueabi/4.6/../../../../arm-linux-gnueabi/lib/../lib/crtn.o]
    arg [/usr/lib/gcc/arm-linux-gnueabi/4.6/collect2] ==> ignore
    arg [--build-id] ==> ignore
    arg [--no-add-needed] ==> ignore
    arg [--as-needed] ==> ignore
    arg [--eh-frame-hdr] ==> ignore
    arg [-export-dynamic] ==> ignore
    arg [-dynamic-linker] ==> ignore
    arg [/lib/ld-linux.so.3] ==> ignore
    arg [-X] ==> ignore
    arg [--hash-style=gnu] ==> ignore
    arg [-m] ==> ignore
    arg [armelf_linux_eabi] ==> ignore
    arg [-zrelro] ==> ignore
    arg [-o] ==> ignore
    arg [cmTryCompileExec] ==> ignore
    arg [/usr/lib/gcc/arm-linux-gnueabi/4.6/../../../../arm-linux-gnueabi/lib/../lib/crt1.o] ==> ignore
    arg [/usr/lib/gcc/arm-linux-gnueabi/4.6/../../../../arm-linux-gnueabi/lib/../lib/crti.o] ==> ignore
    arg [/usr/lib/gcc/arm-linux-gnueabi/4.6/crtbegin.o] ==> ignore
    arg [-L/usr/lib/gcc/arm-linux-gnueabi/4.6] ==> dir [/usr/lib/gcc/arm-linux-gnueabi/4.6]
    arg [-L/usr/lib/gcc/arm-linux-gnueabi/4.6/../../../../arm-linux-gnueabi/lib/../lib] ==> dir [/usr/lib/gcc/arm-linux-gnueabi/4.6/../../../../arm-linux-gnueabi/lib/../lib]
    arg [-L/usr/lib/gcc/arm-linux-gnueabi/4.6/../../../../arm-linux-gnueabi/lib] ==> dir [/usr/lib/gcc/arm-linux-gnueabi/4.6/../../../../arm-linux-gnueabi/lib]
    arg [-L/lib/arm-linux-gnueabi] ==> dir [/lib/arm-linux-gnueabi]
    arg [-L/usr/lib/arm-linux-gnueabi] ==> dir [/usr/lib/arm-linux-gnueabi]
    arg [-L/usr/lib] ==> dir [/usr/lib]
    arg [-L/lib] ==> dir [/lib]
    arg [CMakeFiles/cmTryCompileExec.dir/CMakeCXXCompilerABI.cpp.o] ==> ignore
    arg [-lstdc++] ==> lib [stdc++]
    arg [-lm] ==> lib [m]
    arg [-lgcc_s] ==> lib [gcc_s]
    arg [-lgcc] ==> lib [gcc]
    arg [-lc] ==> lib [c]
    arg [-lgcc_s] ==> lib [gcc_s]
    arg [-lgcc] ==> lib [gcc]
    arg [/usr/lib/gcc/arm-linux-gnueabi/4.6/crtend.o] ==> ignore
    arg [/usr/lib/gcc/arm-linux-gnueabi/4.6/../../../../arm-linux-gnueabi/lib/../lib/crtn.o] ==> ignore
  remove lib [gcc_s]
  remove lib [gcc]
  remove lib [gcc_s]
  remove lib [gcc]
  collapse dir [/usr/lib/gcc/arm-linux-gnueabi/4.6] ==> [/usr/lib/gcc/arm-linux-gnueabi/4.6]
  collapse dir [/usr/lib/gcc/arm-linux-gnueabi/4.6/../../../../arm-linux-gnueabi/lib/../lib] ==> [/usr/arm-linux-gnueabi/lib]
  collapse dir [/usr/lib/gcc/arm-linux-gnueabi/4.6/../../../../arm-linux-gnueabi/lib] ==> [/usr/arm-linux-gnueabi/lib]
  collapse dir [/lib/arm-linux-gnueabi] ==> [/lib/arm-linux-gnueabi]
  collapse dir [/usr/lib/arm-linux-gnueabi] ==> [/usr/lib/arm-linux-gnueabi]
  collapse dir [/usr/lib] ==> [/usr/lib]
  collapse dir [/lib] ==> [/lib]
  implicit libs: [stdc++;m;c]
  implicit dirs: [/usr/lib/gcc/arm-linux-gnueabi/4.6;/usr/arm-linux-gnueabi/lib;/lib/arm-linux-gnueabi;/usr/lib/arm-linux-gnueabi;/usr/lib;/lib]


